2024-05-22T00:03:47.359+02:00  INFO 3529883 --- [cloudKitchen] [SpringApplicationShutdownHook] j.LocalContainerEntityManagerFactoryBean : Closing JPA EntityManagerFactory for persistence unit 'default'
2024-05-22T00:03:47.365+02:00  INFO 3529883 --- [cloudKitchen] [SpringApplicationShutdownHook] com.zaxxer.hikari.HikariDataSource       : HikariPool-1 - Shutdown initiated...
2024-05-22T00:03:47.371+02:00  INFO 3529883 --- [cloudKitchen] [SpringApplicationShutdownHook] com.zaxxer.hikari.HikariDataSource       : HikariPool-1 - Shutdown completed.
2024-05-22T00:03:56.060+02:00  INFO 3536806 --- [cloudKitchen] [restartedMain] c.cloud.kitchen.CloudKitchenApplication  : Starting CloudKitchenApplication using Java 17.0.11 with PID 3536806 (/home/arifur/Documents/project/0.1.1/target/classes started by arifur in /home/arifur/Documents/project/0.1.1)
2024-05-22T00:03:56.062+02:00 DEBUG 3536806 --- [cloudKitchen] [restartedMain] c.cloud.kitchen.CloudKitchenApplication  : Running with Spring Boot v3.2.5, Spring v6.1.6
2024-05-22T00:03:56.063+02:00  INFO 3536806 --- [cloudKitchen] [restartedMain] c.cloud.kitchen.CloudKitchenApplication  : No active profile set, falling back to 1 default profile: "default"
2024-05-22T00:03:56.110+02:00  INFO 3536806 --- [cloudKitchen] [restartedMain] .e.DevToolsPropertyDefaultsPostProcessor : Devtools property defaults active! Set 'spring.devtools.add-properties' to 'false' to disable
2024-05-22T00:03:56.111+02:00  INFO 3536806 --- [cloudKitchen] [restartedMain] .e.DevToolsPropertyDefaultsPostProcessor : For additional web related logging consider setting the 'logging.level.web' property to 'DEBUG'
2024-05-22T00:03:56.841+02:00  INFO 3536806 --- [cloudKitchen] [restartedMain] .s.d.r.c.RepositoryConfigurationDelegate : Multiple Spring Data modules found, entering strict repository configuration mode
2024-05-22T00:03:56.843+02:00  INFO 3536806 --- [cloudKitchen] [restartedMain] .s.d.r.c.RepositoryConfigurationDelegate : Bootstrapping Spring Data JDBC repositories in DEFAULT mode.
2024-05-22T00:03:56.872+02:00  INFO 3536806 --- [cloudKitchen] [restartedMain] .RepositoryConfigurationExtensionSupport : Spring Data JDBC - Could not safely identify store assignment for repository candidate interface com.cloud.kitchen.repositories.AddressRepository; If you want this repository to be a JDBC repository, consider annotating your entities with one of these annotations: org.springframework.data.relational.core.mapping.Table.
2024-05-22T00:03:56.873+02:00  INFO 3536806 --- [cloudKitchen] [restartedMain] .RepositoryConfigurationExtensionSupport : Spring Data JDBC - Could not safely identify store assignment for repository candidate interface com.cloud.kitchen.repositories.DrinksOrderItemRepositories; If you want this repository to be a JDBC repository, consider annotating your entities with one of these annotations: org.springframework.data.relational.core.mapping.Table.
2024-05-22T00:03:56.874+02:00  INFO 3536806 --- [cloudKitchen] [restartedMain] .RepositoryConfigurationExtensionSupport : Spring Data JDBC - Could not safely identify store assignment for repository candidate interface com.cloud.kitchen.repositories.DrinksRepository; If you want this repository to be a JDBC repository, consider annotating your entities with one of these annotations: org.springframework.data.relational.core.mapping.Table.
2024-05-22T00:03:56.875+02:00  INFO 3536806 --- [cloudKitchen] [restartedMain] .RepositoryConfigurationExtensionSupport : Spring Data JDBC - Could not safely identify store assignment for repository candidate interface com.cloud.kitchen.repositories.FoodOrderItemRepository; If you want this repository to be a JDBC repository, consider annotating your entities with one of these annotations: org.springframework.data.relational.core.mapping.Table.
2024-05-22T00:03:56.877+02:00  INFO 3536806 --- [cloudKitchen] [restartedMain] .RepositoryConfigurationExtensionSupport : Spring Data JDBC - Could not safely identify store assignment for repository candidate interface com.cloud.kitchen.repositories.ItemRepository; If you want this repository to be a JDBC repository, consider annotating your entities with one of these annotations: org.springframework.data.relational.core.mapping.Table.
2024-05-22T00:03:56.878+02:00  INFO 3536806 --- [cloudKitchen] [restartedMain] .RepositoryConfigurationExtensionSupport : Spring Data JDBC - Could not safely identify store assignment for repository candidate interface com.cloud.kitchen.repositories.OrderRepository; If you want this repository to be a JDBC repository, consider annotating your entities with one of these annotations: org.springframework.data.relational.core.mapping.Table.
2024-05-22T00:03:56.879+02:00  INFO 3536806 --- [cloudKitchen] [restartedMain] .RepositoryConfigurationExtensionSupport : Spring Data JDBC - Could not safely identify store assignment for repository candidate interface com.cloud.kitchen.repositories.UserRepository; If you want this repository to be a JDBC repository, consider annotating your entities with one of these annotations: org.springframework.data.relational.core.mapping.Table.
2024-05-22T00:03:56.880+02:00  INFO 3536806 --- [cloudKitchen] [restartedMain] .s.d.r.c.RepositoryConfigurationDelegate : Finished Spring Data repository scanning in 33 ms. Found 0 JDBC repository interfaces.
2024-05-22T00:03:56.892+02:00  INFO 3536806 --- [cloudKitchen] [restartedMain] .s.d.r.c.RepositoryConfigurationDelegate : Multiple Spring Data modules found, entering strict repository configuration mode
2024-05-22T00:03:56.893+02:00  INFO 3536806 --- [cloudKitchen] [restartedMain] .s.d.r.c.RepositoryConfigurationDelegate : Bootstrapping Spring Data JPA repositories in DEFAULT mode.
2024-05-22T00:03:56.957+02:00  INFO 3536806 --- [cloudKitchen] [restartedMain] .s.d.r.c.RepositoryConfigurationDelegate : Finished Spring Data repository scanning in 60 ms. Found 7 JPA repository interfaces.
2024-05-22T00:03:57.479+02:00  INFO 3536806 --- [cloudKitchen] [restartedMain] o.s.b.w.embedded.tomcat.TomcatWebServer  : Tomcat initialized with port 8080 (http)
2024-05-22T00:03:57.487+02:00  INFO 3536806 --- [cloudKitchen] [restartedMain] o.apache.catalina.core.StandardService   : Starting service [Tomcat]
2024-05-22T00:03:57.488+02:00  INFO 3536806 --- [cloudKitchen] [restartedMain] o.apache.catalina.core.StandardEngine    : Starting Servlet engine: [Apache Tomcat/10.1.20]
2024-05-22T00:03:57.523+02:00  INFO 3536806 --- [cloudKitchen] [restartedMain] o.a.c.c.C.[Tomcat].[localhost].[/]       : Initializing Spring embedded WebApplicationContext
2024-05-22T00:03:57.524+02:00  INFO 3536806 --- [cloudKitchen] [restartedMain] w.s.c.ServletWebServerApplicationContext : Root WebApplicationContext: initialization completed in 1411 ms
2024-05-22T00:03:57.657+02:00  INFO 3536806 --- [cloudKitchen] [restartedMain] o.hibernate.jpa.internal.util.LogHelper  : HHH000204: Processing PersistenceUnitInfo [name: default]
2024-05-22T00:03:57.685+02:00  INFO 3536806 --- [cloudKitchen] [restartedMain] org.hibernate.Version                    : HHH000412: Hibernate ORM core version 6.4.4.Final
2024-05-22T00:03:57.706+02:00  INFO 3536806 --- [cloudKitchen] [restartedMain] o.h.c.internal.RegionFactoryInitiator    : HHH000026: Second-level cache disabled
2024-05-22T00:03:57.831+02:00  INFO 3536806 --- [cloudKitchen] [restartedMain] o.s.o.j.p.SpringPersistenceUnitInfo      : No LoadTimeWeaver setup: ignoring JPA class transformer
2024-05-22T00:03:57.845+02:00  INFO 3536806 --- [cloudKitchen] [restartedMain] com.zaxxer.hikari.HikariDataSource       : HikariPool-1 - Starting...
2024-05-22T00:03:58.050+02:00  INFO 3536806 --- [cloudKitchen] [restartedMain] com.zaxxer.hikari.pool.HikariPool        : HikariPool-1 - Added connection com.mysql.cj.jdbc.ConnectionImpl@73e4675d
2024-05-22T00:03:58.051+02:00  INFO 3536806 --- [cloudKitchen] [restartedMain] com.zaxxer.hikari.HikariDataSource       : HikariPool-1 - Start completed.
2024-05-22T00:03:58.083+02:00  WARN 3536806 --- [cloudKitchen] [restartedMain] org.hibernate.orm.deprecation            : HHH90000025: MySQLDialect does not need to be specified explicitly using 'hibernate.dialect' (remove the property setting and it will be selected by default)
2024-05-22T00:03:58.654+02:00  INFO 3536806 --- [cloudKitchen] [restartedMain] o.h.e.t.j.p.i.JtaPlatformInitiator       : HHH000489: No JTA platform available (set 'hibernate.transaction.jta.platform' to enable JTA platform integration)
2024-05-22T00:03:58.718+02:00  INFO 3536806 --- [cloudKitchen] [restartedMain] j.LocalContainerEntityManagerFactoryBean : Initialized JPA EntityManagerFactory for persistence unit 'default'
2024-05-22T00:03:59.057+02:00  INFO 3536806 --- [cloudKitchen] [restartedMain] o.s.d.j.r.query.QueryEnhancerFactory     : JSqlParser is in classpath; If applicable, JSqlParser will be used
2024-05-22T00:03:59.057+02:00  INFO 3536806 --- [cloudKitchen] [restartedMain] o.s.d.j.r.query.QueryEnhancerFactory     : Hibernate is in classpath; If applicable, HQL parser will be used.
2024-05-22T00:03:59.259+02:00  WARN 3536806 --- [cloudKitchen] [restartedMain] JpaBaseConfiguration$JpaWebConfiguration : spring.jpa.open-in-view is enabled by default. Therefore, database queries may be performed during view rendering. Explicitly configure spring.jpa.open-in-view to disable this warning
2024-05-22T00:03:59.650+02:00  INFO 3536806 --- [cloudKitchen] [restartedMain] o.s.b.d.a.OptionalLiveReloadServer       : LiveReload server is running on port 35729
2024-05-22T00:03:59.840+02:00  INFO 3536806 --- [cloudKitchen] [restartedMain] o.s.b.w.embedded.tomcat.TomcatWebServer  : Tomcat started on port 8080 (http) with context path ''
2024-05-22T00:04:00.050+02:00  INFO 3536806 --- [cloudKitchen] [restartedMain] c.cloud.kitchen.CloudKitchenApplication  : Started CloudKitchenApplication in 4.259 seconds (process running for 4.51)
2024-05-22T00:04:14.976+02:00  INFO 3536806 --- [cloudKitchen] [http-nio-8080-exec-1] o.a.c.c.C.[Tomcat].[localhost].[/]       : Initializing Spring DispatcherServlet 'dispatcherServlet'
2024-05-22T00:04:14.976+02:00  INFO 3536806 --- [cloudKitchen] [http-nio-8080-exec-1] o.s.web.servlet.DispatcherServlet        : Initializing Servlet 'dispatcherServlet'
2024-05-22T00:04:14.977+02:00  INFO 3536806 --- [cloudKitchen] [http-nio-8080-exec-1] o.s.web.servlet.DispatcherServlet        : Completed initialization in 1 ms
2024-05-22T00:04:15.029+02:00  WARN 3536806 --- [cloudKitchen] [http-nio-8080-exec-1] .m.m.a.ExceptionHandlerExceptionResolver : Resolved [org.springframework.web.servlet.resource.NoResourceFoundException: No static resource swagger-ui/index.html.]
2024-05-22T00:04:15.087+02:00  WARN 3536806 --- [cloudKitchen] [http-nio-8080-exec-2] .m.m.a.ExceptionHandlerExceptionResolver : Resolved [org.springframework.web.servlet.resource.NoResourceFoundException: No static resource favicon.ico.]
2024-05-22T00:04:33.924+02:00  INFO 3536806 --- [cloudKitchen] [SpringApplicationShutdownHook] j.LocalContainerEntityManagerFactoryBean : Closing JPA EntityManagerFactory for persistence unit 'default'
2024-05-22T00:04:33.926+02:00  INFO 3536806 --- [cloudKitchen] [SpringApplicationShutdownHook] com.zaxxer.hikari.HikariDataSource       : HikariPool-1 - Shutdown initiated...
2024-05-22T00:04:33.931+02:00  INFO 3536806 --- [cloudKitchen] [SpringApplicationShutdownHook] com.zaxxer.hikari.HikariDataSource       : HikariPool-1 - Shutdown completed.
2024-05-22T00:07:52.666+02:00  INFO 3541227 --- [cloudKitchen] [restartedMain] c.cloud.kitchen.CloudKitchenApplication  : Starting CloudKitchenApplication using Java 17.0.11 with PID 3541227 (/home/arifur/Documents/project/0.1.1/target/classes started by arifur in /home/arifur/Documents/project/0.1.1)
2024-05-22T00:07:52.669+02:00 DEBUG 3541227 --- [cloudKitchen] [restartedMain] c.cloud.kitchen.CloudKitchenApplication  : Running with Spring Boot v3.2.5, Spring v6.1.6
2024-05-22T00:07:52.670+02:00  INFO 3541227 --- [cloudKitchen] [restartedMain] c.cloud.kitchen.CloudKitchenApplication  : No active profile set, falling back to 1 default profile: "default"
2024-05-22T00:07:52.708+02:00  INFO 3541227 --- [cloudKitchen] [restartedMain] .e.DevToolsPropertyDefaultsPostProcessor : Devtools property defaults active! Set 'spring.devtools.add-properties' to 'false' to disable
2024-05-22T00:07:52.708+02:00  INFO 3541227 --- [cloudKitchen] [restartedMain] .e.DevToolsPropertyDefaultsPostProcessor : For additional web related logging consider setting the 'logging.level.web' property to 'DEBUG'
2024-05-22T00:07:53.362+02:00  INFO 3541227 --- [cloudKitchen] [restartedMain] .s.d.r.c.RepositoryConfigurationDelegate : Multiple Spring Data modules found, entering strict repository configuration mode
2024-05-22T00:07:53.363+02:00  INFO 3541227 --- [cloudKitchen] [restartedMain] .s.d.r.c.RepositoryConfigurationDelegate : Bootstrapping Spring Data JDBC repositories in DEFAULT mode.
2024-05-22T00:07:53.393+02:00  INFO 3541227 --- [cloudKitchen] [restartedMain] .RepositoryConfigurationExtensionSupport : Spring Data JDBC - Could not safely identify store assignment for repository candidate interface com.cloud.kitchen.repositories.AddressRepository; If you want this repository to be a JDBC repository, consider annotating your entities with one of these annotations: org.springframework.data.relational.core.mapping.Table.
2024-05-22T00:07:53.394+02:00  INFO 3541227 --- [cloudKitchen] [restartedMain] .RepositoryConfigurationExtensionSupport : Spring Data JDBC - Could not safely identify store assignment for repository candidate interface com.cloud.kitchen.repositories.DrinksOrderItemRepositories; If you want this repository to be a JDBC repository, consider annotating your entities with one of these annotations: org.springframework.data.relational.core.mapping.Table.
2024-05-22T00:07:53.395+02:00  INFO 3541227 --- [cloudKitchen] [restartedMain] .RepositoryConfigurationExtensionSupport : Spring Data JDBC - Could not safely identify store assignment for repository candidate interface com.cloud.kitchen.repositories.DrinksRepository; If you want this repository to be a JDBC repository, consider annotating your entities with one of these annotations: org.springframework.data.relational.core.mapping.Table.
2024-05-22T00:07:53.395+02:00  INFO 3541227 --- [cloudKitchen] [restartedMain] .RepositoryConfigurationExtensionSupport : Spring Data JDBC - Could not safely identify store assignment for repository candidate interface com.cloud.kitchen.repositories.FoodOrderItemRepository; If you want this repository to be a JDBC repository, consider annotating your entities with one of these annotations: org.springframework.data.relational.core.mapping.Table.
2024-05-22T00:07:53.396+02:00  INFO 3541227 --- [cloudKitchen] [restartedMain] .RepositoryConfigurationExtensionSupport : Spring Data JDBC - Could not safely identify store assignment for repository candidate interface com.cloud.kitchen.repositories.ItemRepository; If you want this repository to be a JDBC repository, consider annotating your entities with one of these annotations: org.springframework.data.relational.core.mapping.Table.
2024-05-22T00:07:53.397+02:00  INFO 3541227 --- [cloudKitchen] [restartedMain] .RepositoryConfigurationExtensionSupport : Spring Data JDBC - Could not safely identify store assignment for repository candidate interface com.cloud.kitchen.repositories.OrderRepository; If you want this repository to be a JDBC repository, consider annotating your entities with one of these annotations: org.springframework.data.relational.core.mapping.Table.
2024-05-22T00:07:53.397+02:00  INFO 3541227 --- [cloudKitchen] [restartedMain] .RepositoryConfigurationExtensionSupport : Spring Data JDBC - Could not safely identify store assignment for repository candidate interface com.cloud.kitchen.repositories.UserRepository; If you want this repository to be a JDBC repository, consider annotating your entities with one of these annotations: org.springframework.data.relational.core.mapping.Table.
2024-05-22T00:07:53.398+02:00  INFO 3541227 --- [cloudKitchen] [restartedMain] .s.d.r.c.RepositoryConfigurationDelegate : Finished Spring Data repository scanning in 28 ms. Found 0 JDBC repository interfaces.
2024-05-22T00:07:53.411+02:00  INFO 3541227 --- [cloudKitchen] [restartedMain] .s.d.r.c.RepositoryConfigurationDelegate : Multiple Spring Data modules found, entering strict repository configuration mode
2024-05-22T00:07:53.412+02:00  INFO 3541227 --- [cloudKitchen] [restartedMain] .s.d.r.c.RepositoryConfigurationDelegate : Bootstrapping Spring Data JPA repositories in DEFAULT mode.
2024-05-22T00:07:53.442+02:00  INFO 3541227 --- [cloudKitchen] [restartedMain] .s.d.r.c.RepositoryConfigurationDelegate : Finished Spring Data repository scanning in 27 ms. Found 7 JPA repository interfaces.
2024-05-22T00:07:53.929+02:00  INFO 3541227 --- [cloudKitchen] [restartedMain] o.s.b.w.embedded.tomcat.TomcatWebServer  : Tomcat initialized with port 8080 (http)
2024-05-22T00:07:53.941+02:00  INFO 3541227 --- [cloudKitchen] [restartedMain] o.apache.catalina.core.StandardService   : Starting service [Tomcat]
2024-05-22T00:07:53.942+02:00  INFO 3541227 --- [cloudKitchen] [restartedMain] o.apache.catalina.core.StandardEngine    : Starting Servlet engine: [Apache Tomcat/10.1.20]
2024-05-22T00:07:53.984+02:00  INFO 3541227 --- [cloudKitchen] [restartedMain] o.a.c.c.C.[Tomcat].[localhost].[/]       : Initializing Spring embedded WebApplicationContext
2024-05-22T00:07:53.985+02:00  INFO 3541227 --- [cloudKitchen] [restartedMain] w.s.c.ServletWebServerApplicationContext : Root WebApplicationContext: initialization completed in 1276 ms
2024-05-22T00:07:54.107+02:00  INFO 3541227 --- [cloudKitchen] [restartedMain] o.hibernate.jpa.internal.util.LogHelper  : HHH000204: Processing PersistenceUnitInfo [name: default]
2024-05-22T00:07:54.144+02:00  INFO 3541227 --- [cloudKitchen] [restartedMain] org.hibernate.Version                    : HHH000412: Hibernate ORM core version 6.4.4.Final
2024-05-22T00:07:54.169+02:00  INFO 3541227 --- [cloudKitchen] [restartedMain] o.h.c.internal.RegionFactoryInitiator    : HHH000026: Second-level cache disabled
2024-05-22T00:07:54.294+02:00  INFO 3541227 --- [cloudKitchen] [restartedMain] o.s.o.j.p.SpringPersistenceUnitInfo      : No LoadTimeWeaver setup: ignoring JPA class transformer
2024-05-22T00:07:54.311+02:00  INFO 3541227 --- [cloudKitchen] [restartedMain] com.zaxxer.hikari.HikariDataSource       : HikariPool-1 - Starting...
2024-05-22T00:07:54.558+02:00  INFO 3541227 --- [cloudKitchen] [restartedMain] com.zaxxer.hikari.pool.HikariPool        : HikariPool-1 - Added connection com.mysql.cj.jdbc.ConnectionImpl@4f357b5c
2024-05-22T00:07:54.559+02:00  INFO 3541227 --- [cloudKitchen] [restartedMain] com.zaxxer.hikari.HikariDataSource       : HikariPool-1 - Start completed.
2024-05-22T00:07:54.594+02:00  WARN 3541227 --- [cloudKitchen] [restartedMain] org.hibernate.orm.deprecation            : HHH90000025: MySQLDialect does not need to be specified explicitly using 'hibernate.dialect' (remove the property setting and it will be selected by default)
2024-05-22T00:07:55.269+02:00  INFO 3541227 --- [cloudKitchen] [restartedMain] o.h.e.t.j.p.i.JtaPlatformInitiator       : HHH000489: No JTA platform available (set 'hibernate.transaction.jta.platform' to enable JTA platform integration)
2024-05-22T00:07:55.331+02:00  INFO 3541227 --- [cloudKitchen] [restartedMain] j.LocalContainerEntityManagerFactoryBean : Initialized JPA EntityManagerFactory for persistence unit 'default'
2024-05-22T00:07:55.601+02:00  INFO 3541227 --- [cloudKitchen] [restartedMain] o.s.d.j.r.query.QueryEnhancerFactory     : JSqlParser is in classpath; If applicable, JSqlParser will be used
2024-05-22T00:07:55.601+02:00  INFO 3541227 --- [cloudKitchen] [restartedMain] o.s.d.j.r.query.QueryEnhancerFactory     : Hibernate is in classpath; If applicable, HQL parser will be used.
2024-05-22T00:07:55.811+02:00  WARN 3541227 --- [cloudKitchen] [restartedMain] JpaBaseConfiguration$JpaWebConfiguration : spring.jpa.open-in-view is enabled by default. Therefore, database queries may be performed during view rendering. Explicitly configure spring.jpa.open-in-view to disable this warning
2024-05-22T00:07:56.507+02:00  INFO 3541227 --- [cloudKitchen] [restartedMain] o.s.b.d.a.OptionalLiveReloadServer       : LiveReload server is running on port 35729
2024-05-22T00:07:56.555+02:00  INFO 3541227 --- [cloudKitchen] [restartedMain] o.s.b.w.embedded.tomcat.TomcatWebServer  : Tomcat started on port 8080 (http) with context path ''
2024-05-22T00:07:56.573+02:00  INFO 3541227 --- [cloudKitchen] [restartedMain] c.cloud.kitchen.CloudKitchenApplication  : Started CloudKitchenApplication in 4.178 seconds (process running for 4.431)
2024-05-22T00:09:16.132+02:00  INFO 3541227 --- [cloudKitchen] [http-nio-8080-exec-1] o.a.c.c.C.[Tomcat].[localhost].[/]       : Initializing Spring DispatcherServlet 'dispatcherServlet'
2024-05-22T00:09:16.132+02:00  INFO 3541227 --- [cloudKitchen] [http-nio-8080-exec-1] o.s.web.servlet.DispatcherServlet        : Initializing Servlet 'dispatcherServlet'
2024-05-22T00:09:16.133+02:00  INFO 3541227 --- [cloudKitchen] [http-nio-8080-exec-1] o.s.web.servlet.DispatcherServlet        : Completed initialization in 1 ms
2024-05-22T00:09:17.609+02:00  INFO 3541227 --- [cloudKitchen] [http-nio-8080-exec-9] o.springdoc.api.AbstractOpenApiResource  : Init duration for springdoc-openapi is: 1182 ms
2024-05-22T00:10:49.589+02:00  INFO 3541227 --- [cloudKitchen] [SpringApplicationShutdownHook] j.LocalContainerEntityManagerFactoryBean : Closing JPA EntityManagerFactory for persistence unit 'default'
2024-05-22T00:10:49.594+02:00  INFO 3541227 --- [cloudKitchen] [SpringApplicationShutdownHook] com.zaxxer.hikari.HikariDataSource       : HikariPool-1 - Shutdown initiated...
2024-05-22T00:10:49.599+02:00  INFO 3541227 --- [cloudKitchen] [SpringApplicationShutdownHook] com.zaxxer.hikari.HikariDataSource       : HikariPool-1 - Shutdown completed.
2024-05-22T00:13:34.395+02:00  INFO 3547357 --- [cloudKitchen] [restartedMain] c.cloud.kitchen.CloudKitchenApplication  : Starting CloudKitchenApplication using Java 17.0.11 with PID 3547357 (/home/arifur/Documents/project/0.1.1/target/classes started by arifur in /home/arifur/Documents/project/0.1.1)
2024-05-22T00:13:34.397+02:00 DEBUG 3547357 --- [cloudKitchen] [restartedMain] c.cloud.kitchen.CloudKitchenApplication  : Running with Spring Boot v3.2.5, Spring v6.1.6
2024-05-22T00:13:34.398+02:00  INFO 3547357 --- [cloudKitchen] [restartedMain] c.cloud.kitchen.CloudKitchenApplication  : No active profile set, falling back to 1 default profile: "default"
2024-05-22T00:13:34.445+02:00  INFO 3547357 --- [cloudKitchen] [restartedMain] .e.DevToolsPropertyDefaultsPostProcessor : Devtools property defaults active! Set 'spring.devtools.add-properties' to 'false' to disable
2024-05-22T00:13:34.445+02:00  INFO 3547357 --- [cloudKitchen] [restartedMain] .e.DevToolsPropertyDefaultsPostProcessor : For additional web related logging consider setting the 'logging.level.web' property to 'DEBUG'
2024-05-22T00:13:35.046+02:00  INFO 3547357 --- [cloudKitchen] [restartedMain] .s.d.r.c.RepositoryConfigurationDelegate : Multiple Spring Data modules found, entering strict repository configuration mode
2024-05-22T00:13:35.047+02:00  INFO 3547357 --- [cloudKitchen] [restartedMain] .s.d.r.c.RepositoryConfigurationDelegate : Bootstrapping Spring Data JDBC repositories in DEFAULT mode.
2024-05-22T00:13:35.072+02:00  INFO 3547357 --- [cloudKitchen] [restartedMain] .RepositoryConfigurationExtensionSupport : Spring Data JDBC - Could not safely identify store assignment for repository candidate interface com.cloud.kitchen.repositories.AddressRepository; If you want this repository to be a JDBC repository, consider annotating your entities with one of these annotations: org.springframework.data.relational.core.mapping.Table.
2024-05-22T00:13:35.073+02:00  INFO 3547357 --- [cloudKitchen] [restartedMain] .RepositoryConfigurationExtensionSupport : Spring Data JDBC - Could not safely identify store assignment for repository candidate interface com.cloud.kitchen.repositories.DrinksOrderItemRepositories; If you want this repository to be a JDBC repository, consider annotating your entities with one of these annotations: org.springframework.data.relational.core.mapping.Table.
2024-05-22T00:13:35.074+02:00  INFO 3547357 --- [cloudKitchen] [restartedMain] .RepositoryConfigurationExtensionSupport : Spring Data JDBC - Could not safely identify store assignment for repository candidate interface com.cloud.kitchen.repositories.DrinksRepository; If you want this repository to be a JDBC repository, consider annotating your entities with one of these annotations: org.springframework.data.relational.core.mapping.Table.
2024-05-22T00:13:35.075+02:00  INFO 3547357 --- [cloudKitchen] [restartedMain] .RepositoryConfigurationExtensionSupport : Spring Data JDBC - Could not safely identify store assignment for repository candidate interface com.cloud.kitchen.repositories.FoodOrderItemRepository; If you want this repository to be a JDBC repository, consider annotating your entities with one of these annotations: org.springframework.data.relational.core.mapping.Table.
2024-05-22T00:13:35.076+02:00  INFO 3547357 --- [cloudKitchen] [restartedMain] .RepositoryConfigurationExtensionSupport : Spring Data JDBC - Could not safely identify store assignment for repository candidate interface com.cloud.kitchen.repositories.ItemRepository; If you want this repository to be a JDBC repository, consider annotating your entities with one of these annotations: org.springframework.data.relational.core.mapping.Table.
2024-05-22T00:13:35.076+02:00  INFO 3547357 --- [cloudKitchen] [restartedMain] .RepositoryConfigurationExtensionSupport : Spring Data JDBC - Could not safely identify store assignment for repository candidate interface com.cloud.kitchen.repositories.OrderRepository; If you want this repository to be a JDBC repository, consider annotating your entities with one of these annotations: org.springframework.data.relational.core.mapping.Table.
2024-05-22T00:13:35.077+02:00  INFO 3547357 --- [cloudKitchen] [restartedMain] .RepositoryConfigurationExtensionSupport : Spring Data JDBC - Could not safely identify store assignment for repository candidate interface com.cloud.kitchen.repositories.UserRepository; If you want this repository to be a JDBC repository, consider annotating your entities with one of these annotations: org.springframework.data.relational.core.mapping.Table.
2024-05-22T00:13:35.078+02:00  INFO 3547357 --- [cloudKitchen] [restartedMain] .s.d.r.c.RepositoryConfigurationDelegate : Finished Spring Data repository scanning in 28 ms. Found 0 JDBC repository interfaces.
2024-05-22T00:13:35.087+02:00  INFO 3547357 --- [cloudKitchen] [restartedMain] .s.d.r.c.RepositoryConfigurationDelegate : Multiple Spring Data modules found, entering strict repository configuration mode
2024-05-22T00:13:35.088+02:00  INFO 3547357 --- [cloudKitchen] [restartedMain] .s.d.r.c.RepositoryConfigurationDelegate : Bootstrapping Spring Data JPA repositories in DEFAULT mode.
2024-05-22T00:13:35.114+02:00  INFO 3547357 --- [cloudKitchen] [restartedMain] .s.d.r.c.RepositoryConfigurationDelegate : Finished Spring Data repository scanning in 24 ms. Found 7 JPA repository interfaces.
2024-05-22T00:13:35.528+02:00  INFO 3547357 --- [cloudKitchen] [restartedMain] o.s.b.w.embedded.tomcat.TomcatWebServer  : Tomcat initialized with port 8080 (http)
2024-05-22T00:13:35.535+02:00  INFO 3547357 --- [cloudKitchen] [restartedMain] o.apache.catalina.core.StandardService   : Starting service [Tomcat]
2024-05-22T00:13:35.536+02:00  INFO 3547357 --- [cloudKitchen] [restartedMain] o.apache.catalina.core.StandardEngine    : Starting Servlet engine: [Apache Tomcat/10.1.20]
2024-05-22T00:13:35.570+02:00  INFO 3547357 --- [cloudKitchen] [restartedMain] o.a.c.c.C.[Tomcat].[localhost].[/]       : Initializing Spring embedded WebApplicationContext
2024-05-22T00:13:35.570+02:00  INFO 3547357 --- [cloudKitchen] [restartedMain] w.s.c.ServletWebServerApplicationContext : Root WebApplicationContext: initialization completed in 1125 ms
2024-05-22T00:13:35.673+02:00  INFO 3547357 --- [cloudKitchen] [restartedMain] o.hibernate.jpa.internal.util.LogHelper  : HHH000204: Processing PersistenceUnitInfo [name: default]
2024-05-22T00:13:35.708+02:00  INFO 3547357 --- [cloudKitchen] [restartedMain] org.hibernate.Version                    : HHH000412: Hibernate ORM core version 6.4.4.Final
2024-05-22T00:13:35.730+02:00  INFO 3547357 --- [cloudKitchen] [restartedMain] o.h.c.internal.RegionFactoryInitiator    : HHH000026: Second-level cache disabled
2024-05-22T00:13:35.842+02:00  INFO 3547357 --- [cloudKitchen] [restartedMain] o.s.o.j.p.SpringPersistenceUnitInfo      : No LoadTimeWeaver setup: ignoring JPA class transformer
2024-05-22T00:13:35.857+02:00  INFO 3547357 --- [cloudKitchen] [restartedMain] com.zaxxer.hikari.HikariDataSource       : HikariPool-1 - Starting...
2024-05-22T00:13:36.051+02:00  INFO 3547357 --- [cloudKitchen] [restartedMain] com.zaxxer.hikari.pool.HikariPool        : HikariPool-1 - Added connection com.mysql.cj.jdbc.ConnectionImpl@5f8f6cb0
2024-05-22T00:13:36.052+02:00  INFO 3547357 --- [cloudKitchen] [restartedMain] com.zaxxer.hikari.HikariDataSource       : HikariPool-1 - Start completed.
2024-05-22T00:13:36.084+02:00  WARN 3547357 --- [cloudKitchen] [restartedMain] org.hibernate.orm.deprecation            : HHH90000025: MySQLDialect does not need to be specified explicitly using 'hibernate.dialect' (remove the property setting and it will be selected by default)
2024-05-22T00:13:36.679+02:00  INFO 3547357 --- [cloudKitchen] [restartedMain] o.h.e.t.j.p.i.JtaPlatformInitiator       : HHH000489: No JTA platform available (set 'hibernate.transaction.jta.platform' to enable JTA platform integration)
2024-05-22T00:13:36.764+02:00  INFO 3547357 --- [cloudKitchen] [restartedMain] j.LocalContainerEntityManagerFactoryBean : Initialized JPA EntityManagerFactory for persistence unit 'default'
2024-05-22T00:13:36.991+02:00  INFO 3547357 --- [cloudKitchen] [restartedMain] o.s.d.j.r.query.QueryEnhancerFactory     : JSqlParser is in classpath; If applicable, JSqlParser will be used
2024-05-22T00:13:36.991+02:00  INFO 3547357 --- [cloudKitchen] [restartedMain] o.s.d.j.r.query.QueryEnhancerFactory     : Hibernate is in classpath; If applicable, HQL parser will be used.
2024-05-22T00:13:37.126+02:00  WARN 3547357 --- [cloudKitchen] [restartedMain] JpaBaseConfiguration$JpaWebConfiguration : spring.jpa.open-in-view is enabled by default. Therefore, database queries may be performed during view rendering. Explicitly configure spring.jpa.open-in-view to disable this warning
2024-05-22T00:13:37.634+02:00  INFO 3547357 --- [cloudKitchen] [restartedMain] o.s.b.d.a.OptionalLiveReloadServer       : LiveReload server is running on port 35729
2024-05-22T00:13:37.656+02:00  INFO 3547357 --- [cloudKitchen] [restartedMain] o.s.b.w.embedded.tomcat.TomcatWebServer  : Tomcat started on port 8080 (http) with context path ''
2024-05-22T00:13:37.666+02:00  INFO 3547357 --- [cloudKitchen] [restartedMain] c.cloud.kitchen.CloudKitchenApplication  : Started CloudKitchenApplication in 3.537 seconds (process running for 3.795)
2024-05-22T00:13:43.732+02:00  INFO 3547357 --- [cloudKitchen] [http-nio-8080-exec-1] o.a.c.c.C.[Tomcat].[localhost].[/]       : Initializing Spring DispatcherServlet 'dispatcherServlet'
2024-05-22T00:13:43.732+02:00  INFO 3547357 --- [cloudKitchen] [http-nio-8080-exec-1] o.s.web.servlet.DispatcherServlet        : Initializing Servlet 'dispatcherServlet'
2024-05-22T00:13:43.734+02:00  INFO 3547357 --- [cloudKitchen] [http-nio-8080-exec-1] o.s.web.servlet.DispatcherServlet        : Completed initialization in 1 ms
2024-05-22T00:13:44.954+02:00  INFO 3547357 --- [cloudKitchen] [http-nio-8080-exec-4] o.springdoc.api.AbstractOpenApiResource  : Init duration for springdoc-openapi is: 974 ms
2024-05-22T00:15:06.061+02:00  INFO 3547357 --- [cloudKitchen] [SpringApplicationShutdownHook] j.LocalContainerEntityManagerFactoryBean : Closing JPA EntityManagerFactory for persistence unit 'default'
2024-05-22T00:15:06.065+02:00  INFO 3547357 --- [cloudKitchen] [SpringApplicationShutdownHook] com.zaxxer.hikari.HikariDataSource       : HikariPool-1 - Shutdown initiated...
2024-05-22T00:15:06.069+02:00  INFO 3547357 --- [cloudKitchen] [SpringApplicationShutdownHook] com.zaxxer.hikari.HikariDataSource       : HikariPool-1 - Shutdown completed.
2024-05-22T00:18:25.850+02:00  INFO 3552622 --- [cloudKitchen] [restartedMain] c.cloud.kitchen.CloudKitchenApplication  : Starting CloudKitchenApplication using Java 17.0.11 with PID 3552622 (/home/arifur/Documents/project/0.1.1/target/classes started by arifur in /home/arifur/Documents/project/0.1.1)
2024-05-22T00:18:25.852+02:00 DEBUG 3552622 --- [cloudKitchen] [restartedMain] c.cloud.kitchen.CloudKitchenApplication  : Running with Spring Boot v3.2.5, Spring v6.1.6
2024-05-22T00:18:25.852+02:00  INFO 3552622 --- [cloudKitchen] [restartedMain] c.cloud.kitchen.CloudKitchenApplication  : No active profile set, falling back to 1 default profile: "default"
2024-05-22T00:18:25.901+02:00  INFO 3552622 --- [cloudKitchen] [restartedMain] .e.DevToolsPropertyDefaultsPostProcessor : Devtools property defaults active! Set 'spring.devtools.add-properties' to 'false' to disable
2024-05-22T00:18:25.902+02:00  INFO 3552622 --- [cloudKitchen] [restartedMain] .e.DevToolsPropertyDefaultsPostProcessor : For additional web related logging consider setting the 'logging.level.web' property to 'DEBUG'
2024-05-22T00:18:26.530+02:00  INFO 3552622 --- [cloudKitchen] [restartedMain] .s.d.r.c.RepositoryConfigurationDelegate : Multiple Spring Data modules found, entering strict repository configuration mode
2024-05-22T00:18:26.532+02:00  INFO 3552622 --- [cloudKitchen] [restartedMain] .s.d.r.c.RepositoryConfigurationDelegate : Bootstrapping Spring Data JDBC repositories in DEFAULT mode.
2024-05-22T00:18:26.570+02:00  INFO 3552622 --- [cloudKitchen] [restartedMain] .RepositoryConfigurationExtensionSupport : Spring Data JDBC - Could not safely identify store assignment for repository candidate interface com.cloud.kitchen.repositories.AddressRepository; If you want this repository to be a JDBC repository, consider annotating your entities with one of these annotations: org.springframework.data.relational.core.mapping.Table.
2024-05-22T00:18:26.572+02:00  INFO 3552622 --- [cloudKitchen] [restartedMain] .RepositoryConfigurationExtensionSupport : Spring Data JDBC - Could not safely identify store assignment for repository candidate interface com.cloud.kitchen.repositories.DrinksOrderItemRepositories; If you want this repository to be a JDBC repository, consider annotating your entities with one of these annotations: org.springframework.data.relational.core.mapping.Table.
2024-05-22T00:18:26.573+02:00  INFO 3552622 --- [cloudKitchen] [restartedMain] .RepositoryConfigurationExtensionSupport : Spring Data JDBC - Could not safely identify store assignment for repository candidate interface com.cloud.kitchen.repositories.DrinksRepository; If you want this repository to be a JDBC repository, consider annotating your entities with one of these annotations: org.springframework.data.relational.core.mapping.Table.
2024-05-22T00:18:26.574+02:00  INFO 3552622 --- [cloudKitchen] [restartedMain] .RepositoryConfigurationExtensionSupport : Spring Data JDBC - Could not safely identify store assignment for repository candidate interface com.cloud.kitchen.repositories.FoodOrderItemRepository; If you want this repository to be a JDBC repository, consider annotating your entities with one of these annotations: org.springframework.data.relational.core.mapping.Table.
2024-05-22T00:18:26.576+02:00  INFO 3552622 --- [cloudKitchen] [restartedMain] .RepositoryConfigurationExtensionSupport : Spring Data JDBC - Could not safely identify store assignment for repository candidate interface com.cloud.kitchen.repositories.ItemRepository; If you want this repository to be a JDBC repository, consider annotating your entities with one of these annotations: org.springframework.data.relational.core.mapping.Table.
2024-05-22T00:18:26.577+02:00  INFO 3552622 --- [cloudKitchen] [restartedMain] .RepositoryConfigurationExtensionSupport : Spring Data JDBC - Could not safely identify store assignment for repository candidate interface com.cloud.kitchen.repositories.OrderRepository; If you want this repository to be a JDBC repository, consider annotating your entities with one of these annotations: org.springframework.data.relational.core.mapping.Table.
2024-05-22T00:18:26.578+02:00  INFO 3552622 --- [cloudKitchen] [restartedMain] .RepositoryConfigurationExtensionSupport : Spring Data JDBC - Could not safely identify store assignment for repository candidate interface com.cloud.kitchen.repositories.UserRepository; If you want this repository to be a JDBC repository, consider annotating your entities with one of these annotations: org.springframework.data.relational.core.mapping.Table.
2024-05-22T00:18:26.578+02:00  INFO 3552622 --- [cloudKitchen] [restartedMain] .s.d.r.c.RepositoryConfigurationDelegate : Finished Spring Data repository scanning in 42 ms. Found 0 JDBC repository interfaces.
2024-05-22T00:18:26.591+02:00  INFO 3552622 --- [cloudKitchen] [restartedMain] .s.d.r.c.RepositoryConfigurationDelegate : Multiple Spring Data modules found, entering strict repository configuration mode
2024-05-22T00:18:26.592+02:00  INFO 3552622 --- [cloudKitchen] [restartedMain] .s.d.r.c.RepositoryConfigurationDelegate : Bootstrapping Spring Data JPA repositories in DEFAULT mode.
2024-05-22T00:18:26.631+02:00  INFO 3552622 --- [cloudKitchen] [restartedMain] .s.d.r.c.RepositoryConfigurationDelegate : Finished Spring Data repository scanning in 32 ms. Found 7 JPA repository interfaces.
2024-05-22T00:18:27.172+02:00  INFO 3552622 --- [cloudKitchen] [restartedMain] o.s.b.w.embedded.tomcat.TomcatWebServer  : Tomcat initialized with port 8080 (http)
2024-05-22T00:18:27.183+02:00  INFO 3552622 --- [cloudKitchen] [restartedMain] o.apache.catalina.core.StandardService   : Starting service [Tomcat]
2024-05-22T00:18:27.183+02:00  INFO 3552622 --- [cloudKitchen] [restartedMain] o.apache.catalina.core.StandardEngine    : Starting Servlet engine: [Apache Tomcat/10.1.20]
2024-05-22T00:18:27.224+02:00  INFO 3552622 --- [cloudKitchen] [restartedMain] o.a.c.c.C.[Tomcat].[localhost].[/]       : Initializing Spring embedded WebApplicationContext
2024-05-22T00:18:27.225+02:00  INFO 3552622 --- [cloudKitchen] [restartedMain] w.s.c.ServletWebServerApplicationContext : Root WebApplicationContext: initialization completed in 1323 ms
2024-05-22T00:18:27.367+02:00  INFO 3552622 --- [cloudKitchen] [restartedMain] o.hibernate.jpa.internal.util.LogHelper  : HHH000204: Processing PersistenceUnitInfo [name: default]
2024-05-22T00:18:27.400+02:00  INFO 3552622 --- [cloudKitchen] [restartedMain] org.hibernate.Version                    : HHH000412: Hibernate ORM core version 6.4.4.Final
2024-05-22T00:18:27.423+02:00  INFO 3552622 --- [cloudKitchen] [restartedMain] o.h.c.internal.RegionFactoryInitiator    : HHH000026: Second-level cache disabled
2024-05-22T00:18:27.593+02:00  INFO 3552622 --- [cloudKitchen] [restartedMain] o.s.o.j.p.SpringPersistenceUnitInfo      : No LoadTimeWeaver setup: ignoring JPA class transformer
2024-05-22T00:18:27.614+02:00  INFO 3552622 --- [cloudKitchen] [restartedMain] com.zaxxer.hikari.HikariDataSource       : HikariPool-1 - Starting...
2024-05-22T00:18:27.859+02:00  INFO 3552622 --- [cloudKitchen] [restartedMain] com.zaxxer.hikari.pool.HikariPool        : HikariPool-1 - Added connection com.mysql.cj.jdbc.ConnectionImpl@491f38a8
2024-05-22T00:18:27.860+02:00  INFO 3552622 --- [cloudKitchen] [restartedMain] com.zaxxer.hikari.HikariDataSource       : HikariPool-1 - Start completed.
2024-05-22T00:18:27.895+02:00  WARN 3552622 --- [cloudKitchen] [restartedMain] org.hibernate.orm.deprecation            : HHH90000025: MySQLDialect does not need to be specified explicitly using 'hibernate.dialect' (remove the property setting and it will be selected by default)
2024-05-22T00:18:28.489+02:00  INFO 3552622 --- [cloudKitchen] [restartedMain] o.h.e.t.j.p.i.JtaPlatformInitiator       : HHH000489: No JTA platform available (set 'hibernate.transaction.jta.platform' to enable JTA platform integration)
2024-05-22T00:18:28.549+02:00  INFO 3552622 --- [cloudKitchen] [restartedMain] j.LocalContainerEntityManagerFactoryBean : Initialized JPA EntityManagerFactory for persistence unit 'default'
2024-05-22T00:18:28.853+02:00  INFO 3552622 --- [cloudKitchen] [restartedMain] o.s.d.j.r.query.QueryEnhancerFactory     : JSqlParser is in classpath; If applicable, JSqlParser will be used
2024-05-22T00:18:28.853+02:00  INFO 3552622 --- [cloudKitchen] [restartedMain] o.s.d.j.r.query.QueryEnhancerFactory     : Hibernate is in classpath; If applicable, HQL parser will be used.
2024-05-22T00:18:29.029+02:00  WARN 3552622 --- [cloudKitchen] [restartedMain] JpaBaseConfiguration$JpaWebConfiguration : spring.jpa.open-in-view is enabled by default. Therefore, database queries may be performed during view rendering. Explicitly configure spring.jpa.open-in-view to disable this warning
2024-05-22T00:18:29.574+02:00  INFO 3552622 --- [cloudKitchen] [restartedMain] o.s.b.d.a.OptionalLiveReloadServer       : LiveReload server is running on port 35729
2024-05-22T00:18:29.595+02:00  INFO 3552622 --- [cloudKitchen] [restartedMain] o.s.b.w.embedded.tomcat.TomcatWebServer  : Tomcat started on port 8080 (http) with context path ''
2024-05-22T00:18:29.604+02:00  INFO 3552622 --- [cloudKitchen] [restartedMain] c.cloud.kitchen.CloudKitchenApplication  : Started CloudKitchenApplication in 4.006 seconds (process running for 4.224)
2024-05-22T00:18:34.467+02:00  INFO 3552622 --- [cloudKitchen] [http-nio-8080-exec-1] o.a.c.c.C.[Tomcat].[localhost].[/]       : Initializing Spring DispatcherServlet 'dispatcherServlet'
2024-05-22T00:18:34.468+02:00  INFO 3552622 --- [cloudKitchen] [http-nio-8080-exec-1] o.s.web.servlet.DispatcherServlet        : Initializing Servlet 'dispatcherServlet'
2024-05-22T00:18:34.469+02:00  INFO 3552622 --- [cloudKitchen] [http-nio-8080-exec-1] o.s.web.servlet.DispatcherServlet        : Completed initialization in 1 ms
2024-05-22T00:18:35.670+02:00  INFO 3552622 --- [cloudKitchen] [http-nio-8080-exec-4] o.springdoc.api.AbstractOpenApiResource  : Init duration for springdoc-openapi is: 1021 ms
2024-05-22T00:19:15.105+02:00  INFO 3552622 --- [cloudKitchen] [SpringApplicationShutdownHook] j.LocalContainerEntityManagerFactoryBean : Closing JPA EntityManagerFactory for persistence unit 'default'
2024-05-22T00:19:15.109+02:00  INFO 3552622 --- [cloudKitchen] [SpringApplicationShutdownHook] com.zaxxer.hikari.HikariDataSource       : HikariPool-1 - Shutdown initiated...
2024-05-22T00:19:15.115+02:00  INFO 3552622 --- [cloudKitchen] [SpringApplicationShutdownHook] com.zaxxer.hikari.HikariDataSource       : HikariPool-1 - Shutdown completed.
